<?xml version="1.0" encoding="UTF-8"?>
<testsuite name="race.RaceResultsServiceTest" tests="10" skipped="0" failures="0" errors="0" timestamp="2018-12-09T13:49:02" hostname="DESKTOP-IQ1GUD4" time="0.186">
  <properties/>
  <testcase name="subscribedClientReceivesAllSentMessages" classname="race.RaceResultsServiceTest" time="0.038"/>
  <testcase name="notSubscribedClientTryingToUnsubscribedShouldThrowException" classname="race.RaceResultsServiceTest" time="0.001"/>
  <testcase name="sentMessageTextAndTimeAreLogged" classname="race.RaceResultsServiceTest" time="0.001"/>
  <testcase name="subscribedClientDoesNotReceiveMessagesFromUndesiredCategories" classname="race.RaceResultsServiceTest" time="0.0"/>
  <testcase name="unsubscribedClientShouldNotReceiveMessages" classname="race.RaceResultsServiceTest" time="0.0"/>
  <testcase name="allSubscribedClientsShouldReceiveMessages" classname="race.RaceResultsServiceTest" time="0.005"/>
  <testcase name="subscribedClientShouldReceiveMessageFromDesiredCategory" classname="race.RaceResultsServiceTest" time="0.001"/>
  <testcase name="subscribedClientShouldReceiveMessage" classname="race.RaceResultsServiceTest" time="0.001"/>
  <testcase name="subscribedClientsReceiveAllSentMessages" classname="race.RaceResultsServiceTest" time="0.022"/>
  <testcase name="shouldSendOnlyOneMessageToMultiSubscriber" classname="race.RaceResultsServiceTest" time="0.045"/>
  <system-out><![CDATA[]]></system-out>
  <system-err><![CDATA[]]></system-err>
</testsuite>
