<?xml version="1.0" encoding="UTF-8"?>
<testsuite name="booking.system.BookingManagerTest" tests="3" skipped="0" failures="0" errors="0" timestamp="2018-12-09T13:49:02" hostname="DESKTOP-IQ1GUD4" time="0.019">
  <properties/>
  <testcase name="doubleBookingIsNotAdded" classname="booking.system.BookingManagerTest" time="0.018"/>
  <testcase name="bookingIsAddedCorrectly" classname="booking.system.BookingManagerTest" time="0.0"/>
  <testcase name="bookingWithNonWholeHoursThrowsException" classname="booking.system.BookingManagerTest" time="0.001"/>
  <system-out><![CDATA[]]></system-out>
  <system-err><![CDATA[]]></system-err>
</testsuite>
