<?xml version="1.0" encoding="UTF-8"?>
<testsuite name="race.RaceResultsServiceTest" tests="1" skipped="0" failures="0" errors="0" timestamp="2018-12-08T14:06:49" hostname="DESKTOP-IQ1GUD4" time="0.121">
  <properties/>
  <testcase name="subscribedClientShouldReceiveMessage" classname="race.RaceResultsServiceTest" time="0.121"/>
  <system-out><![CDATA[]]></system-out>
  <system-err><![CDATA[]]></system-err>
</testsuite>
