<?xml version="1.0" encoding="UTF-8"?>
<testsuite name="school.CourseTest" tests="1" skipped="0" failures="0" errors="0" timestamp="2018-11-23T14:50:12" hostname="DESKTOP-IQ1GUD4" time="0.011">
  <properties/>
  <testcase name="newCourseWithInvalidEndDate" classname="school.CourseTest" time="0.011"/>
  <system-out><![CDATA[]]></system-out>
  <system-err><![CDATA[]]></system-err>
</testsuite>
