<?xml version="1.0" encoding="UTF-8"?>
<testsuite name="school.SchoolTest" tests="7" skipped="0" failures="0" errors="0" timestamp="2018-11-23T14:50:12" hostname="DESKTOP-IQ1GUD4" time="0.01">
  <properties/>
  <testcase name="getCourseByName" classname="school.SchoolTest" time="0.003"/>
  <testcase name="getAllCourseNames" classname="school.SchoolTest" time="0.002"/>
  <testcase name="addCourse" classname="school.SchoolTest" time="0.001"/>
  <testcase name="uniqueCourseNameWithinSchool" classname="school.SchoolTest" time="0.001"/>
  <testcase name="getCopyOfAllCourses" classname="school.SchoolTest" time="0.0"/>
  <testcase name="courseBeginDateBeforeSchoolBeginDate" classname="school.SchoolTest" time="0.0"/>
  <testcase name="initializeSchool" classname="school.SchoolTest" time="0.001"/>
  <system-out><![CDATA[]]></system-out>
  <system-err><![CDATA[]]></system-err>
</testsuite>
