<?xml version="1.0" encoding="UTF-8"?>
<testsuite name="BasicStatisticTest" tests="10" skipped="0" failures="0" errors="0" timestamp="2018-12-06T10:51:55" hostname="DESKTOP-IQ1GUD4" time="0.009">
  <properties/>
  <testcase name="[0] 1.0, 2.0, 3.0 (test_getMean)" classname="BasicStatisticTest" time="0.001"/>
  <testcase name="[1] 10.0, 20.0, 30.0 (test_getMean)" classname="BasicStatisticTest" time="0.0"/>
  <testcase name="test_clearData" classname="BasicStatisticTest" time="0.0"/>
  <testcase name="test_sum" classname="BasicStatisticTest" time="0.0"/>
  <testcase name="test_numberOfDataItems" classname="BasicStatisticTest" time="0.0"/>
  <testcase name="[0] 1.0, 2.0 (test_highestValue)" classname="BasicStatisticTest" time="0.0"/>
  <testcase name="[1] 10.0, 20.0 (test_highestValue)" classname="BasicStatisticTest" time="0.001"/>
  <testcase name="test_getMean_NoDataItemsException" classname="BasicStatisticTest" time="0.0"/>
  <testcase name="test_highestValue_NoDataItemsException" classname="BasicStatisticTest" time="0.0"/>
  <testcase name="test_addDoubleToData_shouldBeAdded" classname="BasicStatisticTest" time="0.0"/>
  <system-out><![CDATA[]]></system-out>
  <system-err><![CDATA[]]></system-err>
</testsuite>
