<?xml version="1.0" encoding="UTF-8"?>
<testsuite name="BasicStatisticTest" tests="8" skipped="0" failures="0" errors="0" timestamp="2018-11-22T12:37:05" hostname="DESKTOP-IQ1GUD4" time="0.01">
  <properties/>
  <testcase name="test_getMean" classname="BasicStatisticTest" time="0.003"/>
  <testcase name="test_clearData" classname="BasicStatisticTest" time="0.0"/>
  <testcase name="test_sum" classname="BasicStatisticTest" time="0.0"/>
  <testcase name="test_numberOfDataItems" classname="BasicStatisticTest" time="0.0"/>
  <testcase name="test_highestValue" classname="BasicStatisticTest" time="0.001"/>
  <testcase name="test_getMean_NoDataItemsException" classname="BasicStatisticTest" time="0.0"/>
  <testcase name="test_highestValue_NoDataItemsException" classname="BasicStatisticTest" time="0.002"/>
  <testcase name="test_addDoubleToData_shouldBeAdded" classname="BasicStatisticTest" time="0.0"/>
  <system-out><![CDATA[]]></system-out>
  <system-err><![CDATA[]]></system-err>
</testsuite>
